<?xml version="1.0" encoding="UTF-8" standalone="yes"?><!DOCTYPE report PUBLIC "-//JACOCO//DTD Report 1.1//EN" "report.dtd"><report name="bad-calculator"><sessioninfo id="LAMYAA_ALOTAIBI-7e8124ea" start="1763173722711" dump="1763173723588"/><sessioninfo id="LAMYAA_ALOTAIBI-25a8b080" start="1763176095843" dump="1763176096737"/><sessioninfo id="LAMYAA_ALOTAIBI-1885050a" start="1763177442872" dump="1763177443793"/><sessioninfo id="LAMYAA_ALOTAIBI-2f5254c" start="1763362466152" dump="1763362467060"/></report>