<?xml version="1.0" encoding="UTF-8"?>
<testsuite xmlns:xsi="http://www.w3.org/2001/XMLSchema-instance" xsi:noNamespaceSchemaLocation="https://maven.apache.org/surefire/maven-surefire-plugin/xsd/surefire-test-report-3.0.xsd" version="3.0" name="edu.pnu.badcalc.CalculatorTest" time="0.093" tests="13" errors="0" skipped="0" failures="0">
  <properties>
[...]
</properties>
  <testcase name="testParseInvalidOp" classname="edu.pnu.badcalc.CalculatorTest" time="0.037"/>
  <testcase name="testFactorialZero" classname="edu.pnu.badcalc.CalculatorTest" time="0.001"/>
  <testcase name="testParseDivide" classname="edu.pnu.badcalc.CalculatorTest" time="0.001"/>
  <testcase name="testDivideByZero" classname="edu.pnu.badcalc.CalculatorTest" time="0.001"/>
  <testcase name="testAdd" classname="edu.pnu.badcalc.CalculatorTest" time="0.001"/>
  <testcase name="testSubtract" classname="edu.pnu.badcalc.CalculatorTest" time="0.001"/>
  <testcase name="testDivideNormal" classname="edu.pnu.badcalc.CalculatorTest" time="0.001"/>
  <testcase name="testParseSubtract" classname="edu.pnu.badcalc.CalculatorTest" time="0.0"/>
  <testcase name="testFactorialBasic" classname="edu.pnu.badcalc.CalculatorTest" time="0.001"/>
  <testcase name="testMultiply" classname="edu.pnu.badcalc.CalculatorTest" time="0.0"/>
  <testcase name="testParseMultiply" classname="edu.pnu.badcalc.CalculatorTest" time="0.0"/>
  <testcase name="testFactorialNegative" classname="edu.pnu.badcalc.CalculatorTest" time="0.001"/>
  <testcase name="testParseAdd" classname="edu.pnu.badcalc.CalculatorTest" time="0.001"/>
</testsuite>